<?xml version="1.0" encoding="UTF-8"?>
<testng-results skipped="0" failed="0" ignored="0" total="1" passed="1">
  <reporter-output>
  </reporter-output>
  <suite name="Default suite" duration-ms="23319" started-at="2017-03-17T19:18:48Z" finished-at="2017-03-17T19:19:12Z">
    <groups>
    </groups>
    <test name="Default test" duration-ms="23319" started-at="2017-03-17T19:18:48Z" finished-at="2017-03-17T19:19:12Z">
      <class name="com.klindziuk.testtable.TableTest">
        <test-method status="PASS" signature="beforeClass()[pri:0, instance:com.klindziuk.testtable.TableTest@daef40]" name="beforeClass" is-config="true" duration-ms="11545" started-at="2017-03-17T21:18:48Z" finished-at="2017-03-17T21:19:00Z">
          <reporter-output>
          </reporter-output>
        </test-method> <!-- beforeClass -->
        <test-method status="PASS" signature="testTable()[pri:0, instance:com.klindziuk.testtable.TableTest@daef40]" name="testTable" duration-ms="11736" started-at="2017-03-17T21:19:00Z" finished-at="2017-03-17T21:19:12Z">
          <reporter-output>
          </reporter-output>
        </test-method> <!-- testTable -->
        <test-method status="PASS" signature="afterClass()[pri:0, instance:com.klindziuk.testtable.TableTest@daef40]" name="afterClass" is-config="true" duration-ms="0" started-at="2017-03-17T21:19:12Z" finished-at="2017-03-17T21:19:12Z">
          <reporter-output>
          </reporter-output>
        </test-method> <!-- afterClass -->
      </class> <!-- com.klindziuk.testtable.TableTest -->
    </test> <!-- Default test -->
  </suite> <!-- Default suite -->
</testng-results>
