<?xml version="1.0" encoding="UTF-8"?>
<testng-results skipped="0" failed="0" ignored="0" total="2" passed="2">
  <reporter-output>
  </reporter-output>
  <suite name="Default suite" duration-ms="24958" started-at="2017-03-18T11:54:33Z" finished-at="2017-03-18T11:54:58Z">
    <groups>
    </groups>
    <test name="Default test" duration-ms="24958" started-at="2017-03-18T11:54:33Z" finished-at="2017-03-18T11:54:58Z">
      <class name="com.klindziuk.testtable.DataTableTest">
        <test-method status="PASS" signature="beforeTest()[pri:0, instance:com.klindziuk.testtable.DataTableTest@daef40]" name="beforeTest" is-config="true" duration-ms="23310" started-at="2017-03-18T13:54:33Z" finished-at="2017-03-18T13:54:56Z">
          <reporter-output>
          </reporter-output>
        </test-method> <!-- beforeTest -->
        <test-method status="PASS" signature="testData_User1()[pri:0, instance:com.klindziuk.testtable.DataTableTest@daef40]" name="testData_User1" duration-ms="1293" started-at="2017-03-18T13:54:56Z" finished-at="2017-03-18T13:54:58Z">
          <reporter-output>
          </reporter-output>
        </test-method> <!-- testData_User1 -->
        <test-method status="PASS" signature="testData_User2()[pri:0, instance:com.klindziuk.testtable.DataTableTest@daef40]" name="testData_User2" duration-ms="298" started-at="2017-03-18T13:54:58Z" finished-at="2017-03-18T13:54:58Z">
          <reporter-output>
          </reporter-output>
        </test-method> <!-- testData_User2 -->
        <test-method status="PASS" signature="afterTest()[pri:0, instance:com.klindziuk.testtable.DataTableTest@daef40]" name="afterTest" is-config="true" duration-ms="22" started-at="2017-03-18T13:54:58Z" finished-at="2017-03-18T13:54:58Z">
          <reporter-output>
          </reporter-output>
        </test-method> <!-- afterTest -->
      </class> <!-- com.klindziuk.testtable.DataTableTest -->
    </test> <!-- Default test -->
  </suite> <!-- Default suite -->
</testng-results>
